[22:58:11] [ServerMain/INFO]: Environment: authHost='https://authserver.mojang.com', accountsHost='https://api.mojang.com', sessionHost='https://sessionserver.mojang.com', servicesHost='https://api.minecraftservices.com', name='PROD'
[22:58:17] [ServerMain/INFO]: Loaded 7 recipes
[22:58:19] [Server thread/INFO]: Starting minecraft server version 1.19.4
[22:58:19] [Server thread/INFO]: Loading properties
[22:58:19] [Server thread/INFO]: This server is running Purpur version git-Purpur-1968 (MC: 1.19.4) (Implementing API version 1.19.4-R0.1-SNAPSHOT) (Git: 54656e9 on HEAD)
[22:58:19] [Server thread/INFO]: Server Ping Player Sample Count: 12
[22:58:19] [Server thread/INFO]: Using 4 threads for Netty based IO
[22:58:19] [Server thread/WARN]: [!] The timings profiler has been enabled but has been scheduled for removal from Paper in the future.
    We recommend installing the spark profiler as a replacement: https://spark.lucko.me/
    For more information please visit: https://github.com/PaperMC/Paper/issues/8948
[22:58:19] [Server thread/INFO]: [ChunkTaskScheduler] Chunk system is using 1 I/O threads, 1 worker threads, and gen parallelism of 1 threads
[22:58:21] [Server thread/WARN]: [Pufferfish] SIMD operations are available for your server, but are not configured!
[22:58:21] [Server thread/WARN]: [Pufferfish] To enable additional optimizations, add "--add-modules=jdk.incubator.vector" to your startup flags, BEFORE the "-jar".
[22:58:21] [Server thread/WARN]: [Pufferfish] If you have already added this flag, then SIMD operations are not supported on your JVM or CPU.
[22:58:21] [Server thread/WARN]: [Pufferfish] Debug: Java: 17.0.7, test run: true
[22:58:21] [Server thread/INFO]: Default game type: SURVIVAL
[22:58:21] [Server thread/INFO]: Generating keypair
[22:58:21] [Server thread/INFO]: Starting Minecraft server on *:20002
[22:58:21] [Server thread/INFO]: Using default channel type
[22:58:21] [Server thread/INFO]: Paper: Using Java compression from Velocity.
[22:58:21] [Server thread/INFO]: Paper: Using Java cipher from Velocity.
[22:58:23] [Server thread/WARN]: [org.bukkit.craftbukkit.v1_19_R3.legacy.CraftLegacy] Initializing Legacy Material Support. Unless you have legacy plugins and/or data this is a bug!
[22:58:32] [Server thread/WARN]: Legacy plugin mProMessage v1.8 does not specify an api-version.
[22:58:32] [Server thread/INFO]: [ViaVersion] Loading server plugin ViaVersion v4.6.2
[22:58:32] [Server thread/INFO]: [ViaVersion] ViaVersion 4.6.2 is now loaded. Registering protocol transformers and injecting...
[22:58:33] [Via-Mappingloader-0/INFO]: [ViaVersion] Loading block connection mappings ...
[22:58:33] [Server thread/INFO]: [ViaBackwards] Loading translations...
[22:58:33] [Server thread/INFO]: [ViaBackwards] Registering protocols...
[22:58:34] [Via-Mappingloader-0/INFO]: [ViaVersion] Using FastUtil Long2ObjectOpenHashMap for block connections
[22:58:34] [Server thread/INFO]: [ViaBackwards] Loading server plugin ViaBackwards v4.6.1
[22:58:34] [Server thread/INFO]: [spark] Loading server plugin spark v1.10.38
[22:58:34] [Server thread/INFO]: [ViaRewind] Loading server plugin ViaRewind v2.0.4-SNAPSHOT
[22:58:34] [Server thread/INFO]: [MyCommand] Loading server plugin MyCommand v5.7.3
[22:58:34] [Server thread/INFO]: [mProMessage] Loading server plugin mProMessage v1.8
[22:58:34] [Server thread/INFO]: Server permissions file permissions.yml is empty, ignoring it
[22:58:34] [Server thread/INFO]: [ViaRewind] Enabling ViaRewind v2.0.4-SNAPSHOT
[22:58:34] [Server thread/WARN]: **** SERVER IS RUNNING IN OFFLINE/INSECURE MODE!
[22:58:34] [Server thread/WARN]: The server will make no attempt to authenticate usernames. Beware.
[22:58:34] [Server thread/WARN]: Whilst this makes it possible to use BungeeCord, unless access to your server is properly restricted, it also opens up the ability for hackers to connect with any username they choose.
[22:58:34] [Server thread/WARN]: Please see http://www.spigotmc.org/wiki/firewall-guide/ for further information.
[22:58:34] [Server thread/WARN]: To change this, set "online-mode" to "true" in the server.properties file.
[22:58:34] [Server thread/INFO]: Preparing level "world"
[22:58:36] [Server thread/INFO]: Preparing start region for dimension minecraft:overworld
[22:58:36] [Server thread/INFO]: Time elapsed: 224 ms
[22:58:36] [Server thread/INFO]: Preparing start region for dimension minecraft:the_nether
[22:58:36] [Server thread/INFO]: Time elapsed: 42 ms
[22:58:36] [Server thread/INFO]: Preparing start region for dimension minecraft:the_end
[22:58:36] [Server thread/INFO]: Time elapsed: 40 ms
[22:58:36] [Server thread/INFO]: [ViaVersion] Enabling ViaVersion v4.6.2
[22:58:36] [Server thread/INFO]: [ViaVersion] ViaVersion detected server version: 1.19.4 (762)
[22:58:36] [Server thread/INFO]: [ViaBackwards] Enabling ViaBackwards v4.6.1
[22:58:36] [Server thread/INFO]: [spark] Enabling spark v1.10.38
[22:58:38] [Server thread/INFO]: [spark] Using Paper ServerTickStartEvent for tick monitoring
[22:58:38] [Server thread/INFO]: [spark] Starting background profiler...
[22:58:38] [Server thread/INFO]: [spark] The async-profiler engine is not supported for your os/arch (windows10/amd64), so the built-in Java engine will be used instead.
[22:58:38] [Server thread/INFO]: [MyCommand] Enabling MyCommand v5.7.3
[22:58:38] [Server thread/INFO]: *-=-=-=-=-=-=-=-=-* MyCommand v.5.7.3*-=-=-=-=-=-=-=-=-=-*
[22:58:38] [Server thread/INFO]: | Vault plugin not found. Using BukkitPermissions
[22:58:38] [Server thread/INFO]: | No Economy support without Vault!
[22:58:38] [Server thread/INFO]: | Command file(s) found : 1
[22:58:38] [Server thread/INFO]: | Config : Ready.
[22:58:38] [Server thread/INFO]: | ProtocolLib not found.
[22:58:38] [Server thread/INFO]: | PlaceholderAPI: Not Found
[22:58:38] [Server thread/INFO]: | Custom commands loaded : 1
[22:58:39] [Server thread/INFO]: | You're running the latest version of MyCommand.
[22:58:39] [Server thread/INFO]: |          by emmerrei a.k.a. ivanfromitaly.           
[22:58:39] [Server thread/INFO]: *-=-=-=-=-=-=-=-=-=-*   Done!   *-=-=-=-=-=-=-=-=-=-=-*
[22:58:39] [Server thread/INFO]: [mProMessage] Enabling mProMessage v1.8*
[22:58:39] [Server thread/INFO]: Running delayed init tasks
[22:58:39] [Server thread/INFO]: Done (20.351s)! For help, type "help"
[22:58:39] [Craft Scheduler Thread - 2 - ViaVersion/INFO]: [ViaVersion] Finished mapping loading, shutting down loader executor!
[23:11:51] [Server thread/INFO]: Stopping the server
[23:11:51] [Server thread/INFO]: Stopping server
[23:11:51] [Server thread/INFO]: [mProMessage] Disabling mProMessage v1.8
[23:11:51] [Server thread/INFO]: [MyCommand] Disabling MyCommand v5.7.3
[23:11:51] [Server thread/INFO]: *-=-=-=-=-=-=-=-=-* MyCommand v.5.7.3*-=-=-=-=-=-=-=-=-=-*
[23:11:51] [Server thread/INFO]: | Tasks : Stopped all tasks.
[23:11:51] [Server thread/INFO]: *-=-=-=-=-=-=-=-=-=-*    Bye!   *-=-=-=-=-=-=-=-=-=-=-*
[23:11:51] [Server thread/INFO]: [ViaRewind] Disabling ViaRewind v2.0.4-SNAPSHOT
[23:11:51] [Server thread/INFO]: [spark] Disabling spark v1.10.38
[23:11:51] [Server thread/INFO]: [ViaBackwards] Disabling ViaBackwards v4.6.1
[23:11:51] [Server thread/INFO]: [ViaVersion] Disabling ViaVersion v4.6.2
[23:11:51] [Server thread/INFO]: [ViaVersion] ViaVersion is disabling, if this is a reload and you experience issues consider rebooting.
[23:11:51] [Server thread/INFO]: Saving players
[23:11:51] [Server thread/INFO]: Saving worlds
[23:11:51] [Server thread/INFO]: Saving chunks for level 'ServerLevel[world]'/minecraft:overworld
[23:11:51] [Server thread/INFO]: [ChunkHolderManager] Waiting 60s for chunk system to halt for world 'world'
[23:11:51] [Server thread/INFO]: [ChunkHolderManager] Halted chunk system for world 'world'
[23:11:51] [Server thread/INFO]: [ChunkHolderManager] Saving all chunkholders for world 'world'
[23:11:52] [Server thread/INFO]: [ChunkHolderManager] Saved 0 block chunks, 139 entity chunks, 0 poi chunks in world 'world' in 0,10s
[23:11:52] [Server thread/INFO]: ThreadedAnvilChunkStorage (world): All chunks are saved
[23:11:52] [Server thread/INFO]: Saving chunks for level 'ServerLevel[world_nether]'/minecraft:the_nether
[23:11:52] [Server thread/INFO]: [ChunkHolderManager] Waiting 60s for chunk system to halt for world 'world_nether'
[23:11:52] [Server thread/INFO]: [ChunkHolderManager] Halted chunk system for world 'world_nether'
[23:11:52] [Server thread/INFO]: [ChunkHolderManager] Saving all chunkholders for world 'world_nether'
[23:11:52] [Server thread/INFO]: [ChunkHolderManager] Saved 0 block chunks, 22 entity chunks, 0 poi chunks in world 'world_nether' in 0,05s
[23:11:52] [Server thread/INFO]: ThreadedAnvilChunkStorage (DIM-1): All chunks are saved
[23:11:52] [Server thread/INFO]: Saving chunks for level 'ServerLevel[world_the_end]'/minecraft:the_end
[23:11:52] [Server thread/INFO]: [ChunkHolderManager] Waiting 60s for chunk system to halt for world 'world_the_end'
[23:11:52] [Server thread/INFO]: [ChunkHolderManager] Halted chunk system for world 'world_the_end'
[23:11:52] [Server thread/INFO]: [ChunkHolderManager] Saving all chunkholders for world 'world_the_end'
[23:11:52] [Server thread/INFO]: [ChunkHolderManager] Saved 10 block chunks, 10 entity chunks, 0 poi chunks in world 'world_the_end' in 0,06s
[23:11:52] [Server thread/INFO]: ThreadedAnvilChunkStorage (DIM1): All chunks are saved
[23:11:52] [Server thread/INFO]: ThreadedAnvilChunkStorage: All dimensions are saved
[23:11:52] [Server thread/INFO]: Flushing Chunk IO
[23:11:52] [Server thread/INFO]: Closing Thread Pool
[23:11:52] [Server thread/INFO]: Closing Server
