[22:56:33] [ServerMain/INFO]: Environment: authHost='https://authserver.mojang.com', accountsHost='https://api.mojang.com', sessionHost='https://sessionserver.mojang.com', servicesHost='https://api.minecraftservices.com', name='PROD'
[22:56:39] [ServerMain/INFO]: Loaded 7 recipes
[22:56:42] [Server thread/INFO]: Starting minecraft server version 1.19.4
[22:56:42] [Server thread/INFO]: Loading properties
[22:56:42] [Server thread/INFO]: This server is running Purpur version git-Purpur-1968 (MC: 1.19.4) (Implementing API version 1.19.4-R0.1-SNAPSHOT) (Git: 54656e9 on HEAD)
[22:56:42] [Server thread/INFO]: Server Ping Player Sample Count: 12
[22:56:42] [Server thread/INFO]: Using 4 threads for Netty based IO
[22:56:43] [Server thread/WARN]: [!] The timings profiler has been enabled but has been scheduled for removal from Paper in the future.
    We recommend installing the spark profiler as a replacement: https://spark.lucko.me/
    For more information please visit: https://github.com/PaperMC/Paper/issues/8948
[22:56:43] [Server thread/INFO]: [ChunkTaskScheduler] Chunk system is using 1 I/O threads, 1 worker threads, and gen parallelism of 1 threads
[22:56:44] [Server thread/WARN]: [Pufferfish] SIMD operations are available for your server, but are not configured!
[22:56:44] [Server thread/WARN]: [Pufferfish] To enable additional optimizations, add "--add-modules=jdk.incubator.vector" to your startup flags, BEFORE the "-jar".
[22:56:44] [Server thread/WARN]: [Pufferfish] If you have already added this flag, then SIMD operations are not supported on your JVM or CPU.
[22:56:44] [Server thread/WARN]: [Pufferfish] Debug: Java: 17.0.7, test run: true
[22:56:44] [Server thread/INFO]: Default game type: SURVIVAL
[22:56:44] [Server thread/INFO]: Generating keypair
[22:56:44] [Server thread/INFO]: Starting Minecraft server on *:20001
[22:56:45] [Server thread/INFO]: Using default channel type
[22:56:45] [Server thread/INFO]: Paper: Using Java compression from Velocity.
[22:56:45] [Server thread/INFO]: Paper: Using Java cipher from Velocity.
[22:56:46] [Server thread/WARN]: [org.bukkit.craftbukkit.v1_19_R3.legacy.CraftLegacy] Initializing Legacy Material Support. Unless you have legacy plugins and/or data this is a bug!
[22:56:54] [Server thread/WARN]: Legacy plugin mProMessage v1.8 does not specify an api-version.
[22:56:54] [Server thread/INFO]: [ViaVersion] Loading server plugin ViaVersion v4.6.2
[22:56:54] [Server thread/INFO]: [ViaVersion] ViaVersion 4.6.2 is now loaded. Registering protocol transformers and injecting...
[22:56:55] [Server thread/INFO]: [ViaBackwards] Loading translations...
[22:56:55] [Server thread/INFO]: [ViaBackwards] Registering protocols...
[22:56:55] [Via-Mappingloader-0/INFO]: [ViaVersion] Loading block connection mappings ...
[22:56:55] [Server thread/INFO]: [WorldEdit] Loading server plugin WorldEdit v7.2.14+6360-094b734
[22:56:56] [Via-Mappingloader-0/INFO]: [ViaVersion] Using FastUtil Long2ObjectOpenHashMap for block connections
[22:56:57] [Server thread/INFO]: Got request to register class com.sk89q.worldedit.bukkit.BukkitServerInterface with WorldEdit [com.sk89q.worldedit.extension.platform.PlatformManager@1a10e676]
[22:56:57] [Server thread/INFO]: [ViaBackwards] Loading server plugin ViaBackwards v4.6.1
[22:56:57] [Server thread/INFO]: [spark] Loading server plugin spark v1.10.38
[22:56:57] [Server thread/INFO]: [WorldGuard] Loading server plugin WorldGuard v7.0.7+216b061
[22:56:57] [Server thread/INFO]: [ViaRewind] Loading server plugin ViaRewind v2.0.4-SNAPSHOT
[22:56:57] [Server thread/INFO]: [SetSpawn] Loading server plugin SetSpawn v4.6
[22:56:57] [Server thread/INFO]: [mProMessage] Loading server plugin mProMessage v1.8
[22:56:57] [Server thread/INFO]: [HolographicDisplays] Loading server plugin HolographicDisplays v3.0.2
[22:56:57] [Server thread/INFO]: [Essentials] Loading server plugin Essentials v2.19.7
[22:56:57] [Server thread/INFO]: Server permissions file permissions.yml is empty, ignoring it
[22:56:57] [Server thread/INFO]: [WorldEdit] Enabling WorldEdit v7.2.14+6360-094b734
[22:56:58] [Server thread/INFO]: Registering commands with com.sk89q.worldedit.bukkit.BukkitServerInterface
[22:56:58] [Server thread/INFO]: WEPIF: Using the Bukkit Permissions API.
[22:56:58] [Server thread/INFO]: Using com.sk89q.worldedit.bukkit.adapter.impl.v1_19_R3.PaperweightAdapter as the Bukkit adapter
[22:57:01] [Server thread/INFO]: [ViaRewind] Enabling ViaRewind v2.0.4-SNAPSHOT
[22:57:01] [Server thread/WARN]: **** SERVER IS RUNNING IN OFFLINE/INSECURE MODE!
[22:57:01] [Server thread/WARN]: The server will make no attempt to authenticate usernames. Beware.
[22:57:01] [Server thread/WARN]: Whilst this makes it possible to use BungeeCord, unless access to your server is properly restricted, it also opens up the ability for hackers to connect with any username they choose.
[22:57:01] [Server thread/WARN]: Please see http://www.spigotmc.org/wiki/firewall-guide/ for further information.
[22:57:01] [Server thread/WARN]: To change this, set "online-mode" to "true" in the server.properties file.
[22:57:01] [Server thread/INFO]: Preparing level "world"
[22:57:03] [Server thread/INFO]: Preparing start region for dimension minecraft:overworld
[22:57:03] [Server thread/INFO]: Time elapsed: 223 ms
[22:57:03] [Server thread/INFO]: [ViaVersion] Enabling ViaVersion v4.6.2
[22:57:03] [Server thread/INFO]: [ViaVersion] ViaVersion detected server version: 1.19.4 (762)
[22:57:03] [Server thread/INFO]: [ViaBackwards] Enabling ViaBackwards v4.6.1
[22:57:03] [Server thread/INFO]: [spark] Enabling spark v1.10.38
[22:57:03] [Server thread/INFO]: [spark] Using Paper ServerTickStartEvent for tick monitoring
[22:57:03] [Server thread/INFO]: [spark] Starting background profiler...
[22:57:03] [Server thread/INFO]: [spark] The async-profiler engine is not supported for your os/arch (windows10/amd64), so the built-in Java engine will be used instead.
[22:57:04] [Server thread/INFO]: [WorldGuard] Enabling WorldGuard v7.0.7+216b061
[22:57:04] [Server thread/INFO]: [WorldGuard] (world) TNT ignition is PERMITTED.
[22:57:04] [Server thread/INFO]: [WorldGuard] (world) Lighters are PERMITTED.
[22:57:04] [Server thread/INFO]: [WorldGuard] (world) Lava fire is PERMITTED.
[22:57:04] [Server thread/INFO]: [WorldGuard] (world) Fire spread is UNRESTRICTED.
[22:57:04] [Server thread/INFO]: [WorldGuard] Loaded configuration for world 'world'
[22:57:04] [Server thread/INFO]: [WorldGuard] Loading region data...
[22:57:04] [Server thread/INFO]: [SetSpawn] Enabling SetSpawn v4.6
[22:57:04] [Server thread/INFO]: [SetSpawn] Enabled!
[22:57:04] [Server thread/INFO]: [mProMessage] Enabling mProMessage v1.8*
[22:57:04] [Server thread/INFO]: [HolographicDisplays] Enabling HolographicDisplays v3.0.2
[22:57:05] [Server thread/INFO]: [Essentials] Enabling Essentials v2.19.7
[22:57:05] [Server thread/ERROR]: [Essentials] You are running an unsupported server version!
[22:57:06] [Server thread/INFO]: [Essentials] Attempting to convert old kits in config.yml to new kits.yml
[22:57:06] [Server thread/INFO]: [Essentials] No kits found to migrate.
[22:57:06] [Server thread/INFO]: [Essentials] Loaded 38132 items from items.json.
[22:57:06] [Server thread/INFO]: [Essentials] Using locale ru_RU
[22:57:06] [Server thread/INFO]: [Essentials] ServerListPingEvent: Spigot iterator API
[22:57:06] [Server thread/INFO]: [Essentials] Starting Metrics. Opt-out using the global bStats config.
[22:57:06] [Server thread/INFO]: [Essentials] Using superperms-based permissions.
[22:57:07] [Server thread/INFO]: Running delayed init tasks
[22:57:07] [Server thread/INFO]: Done (24.800s)! For help, type "help"
[22:57:07] [Craft Scheduler Thread - 5 - Essentials/INFO]: [Essentials] Получение информации о версии...
[22:57:07] [Craft Scheduler Thread - 2 - ViaVersion/INFO]: [ViaVersion] Finished mapping loading, shutting down loader executor!
[22:57:29] [User Authenticator #0/INFO]: UUID of player g1ngerbred is 6109ccd4-26f2-34c1-a453-e3e661473a3e
[22:57:30] [Server thread/INFO]: g1ngerbred[/192.168.0.102:51465] logged in with entity id 56 at ([world]-147.5117892663301, 8.0, -222.60912674898304)
[22:57:30] [Netty Server IO #1/WARN]: [ViaBackwards] Custom worlds heights are NOT SUPPORTED for 1.16 players and older and may lead to errors!
[22:57:30] [Netty Server IO #1/WARN]: [ViaBackwards] You have min/max set to -64/256
[22:57:30] [Server thread/INFO]: g1ngerbred lost connection: Disconnected
[23:00:42] [User Authenticator #1/INFO]: UUID of player g1ngerbred is 6109ccd4-26f2-34c1-a453-e3e661473a3e
[23:00:42] [Server thread/INFO]: g1ngerbred[/192.168.0.102:51498] logged in with entity id 57 at ([world]-147.5117892663301, 8.0, -222.60912674898304)
[23:00:52] [Server thread/INFO]: g1ngerbred lost connection: Disconnected
[23:02:45] [User Authenticator #2/INFO]: UUID of player sdfg is 9801c107-cdad-3654-8848-750a115c3710
[23:02:45] [Server thread/INFO]: sdfg[/192.168.0.102:51571] logged in with entity id 70 at ([world]-119.5, 4.0, -284.5)
[23:02:57] [Server thread/INFO]: sdfg lost connection: Disconnected
[23:03:16] [User Authenticator #2/INFO]: UUID of player sdfg is 9801c107-cdad-3654-8848-750a115c3710
[23:03:16] [Server thread/INFO]: sdfg[/192.168.0.102:51606] logged in with entity id 87 at ([world]-147.63626304931896, 8.0, -222.5240143212066)
[23:03:21] [Server thread/INFO]: sdfg lost connection: Disconnected
[23:04:05] [User Authenticator #2/INFO]: UUID of player sdfg is 9801c107-cdad-3654-8848-750a115c3710
[23:04:05] [Server thread/INFO]: sdfg[/192.168.0.102:51634] logged in with entity id 91 at ([world]-147.5117892663301, 8.0, -222.60912674898304)
[23:04:09] [Server thread/INFO]: sdfg lost connection: Disconnected
[23:11:55] [Server thread/INFO]: Stopping the server
[23:11:55] [Server thread/INFO]: Stopping server
[23:11:55] [Server thread/INFO]: [Essentials] Disabling Essentials v2.19.7
[23:11:55] [Server thread/INFO]: [HolographicDisplays] Disabling HolographicDisplays v3.0.2
[23:11:55] [Server thread/INFO]: [mProMessage] Disabling mProMessage v1.8
[23:11:55] [Server thread/INFO]: [SetSpawn] Disabling SetSpawn v4.6
[23:11:55] [Server thread/INFO]: [SetSpawn] Disabled!
[23:11:55] [Server thread/INFO]: [ViaRewind] Disabling ViaRewind v2.0.4-SNAPSHOT
[23:11:55] [Server thread/INFO]: [WorldGuard] Disabling WorldGuard v7.0.7+216b061
[23:11:55] [Server thread/INFO]: [WorldGuard] Shutting down executor and cancelling any pending tasks...
[23:11:55] [Server thread/INFO]: [spark] Disabling spark v1.10.38
[23:11:55] [Server thread/INFO]: [ViaBackwards] Disabling ViaBackwards v4.6.1
[23:11:55] [Server thread/INFO]: [WorldEdit] Disabling WorldEdit v7.2.14+6360-094b734
[23:11:55] [Server thread/INFO]: Unregistering com.sk89q.worldedit.bukkit.BukkitServerInterface from WorldEdit
[23:11:55] [Server thread/INFO]: [ViaVersion] Disabling ViaVersion v4.6.2
[23:11:55] [Server thread/INFO]: [ViaVersion] ViaVersion is disabling, if this is a reload and you experience issues consider rebooting.
[23:11:56] [Server thread/INFO]: Saving players
[23:11:56] [Server thread/INFO]: Saving worlds
[23:11:56] [Server thread/INFO]: Saving chunks for level 'ServerLevel[world]'/minecraft:overworld
[23:11:56] [Server thread/INFO]: [ChunkHolderManager] Waiting 60s for chunk system to halt for world 'world'
[23:11:56] [Server thread/INFO]: [ChunkHolderManager] Halted chunk system for world 'world'
[23:11:56] [Server thread/INFO]: [ChunkHolderManager] Saving all chunkholders for world 'world'
[23:11:56] [Server thread/INFO]: [ChunkHolderManager] Saved 8 block chunks, 52 entity chunks, 0 poi chunks in world 'world' in 0,09s
[23:11:56] [Server thread/INFO]: ThreadedAnvilChunkStorage (world): All chunks are saved
[23:11:56] [Server thread/INFO]: ThreadedAnvilChunkStorage: All dimensions are saved
[23:11:56] [Server thread/INFO]: Flushing Chunk IO
[23:11:56] [Server thread/INFO]: Closing Thread Pool
[23:11:56] [Server thread/INFO]: Closing Server
